{"name":"Log","hostname":"u20-ghost","pid":80415,"level":30,"msg":"Ghost is running in production...","time":"2022-04-05T01:34:17.079Z","v":0}
{"name":"Log","hostname":"u20-ghost","pid":80415,"level":30,"msg":"Your site is now available on http://192.168.0.40/","time":"2022-04-05T01:34:17.081Z","v":0}
{"name":"Log","hostname":"u20-ghost","pid":80415,"level":30,"msg":"Ctrl+C to shut down","time":"2022-04-05T01:34:17.082Z","v":0}
{"name":"Log","hostname":"u20-ghost","pid":80415,"level":30,"msg":"Ghost server started in 0.594s","time":"2022-04-05T01:34:17.093Z","v":0}
{"name":"Log","hostname":"u20-ghost","pid":80415,"level":50,"err":{"id":"8206cca0-b480-11ec-a4e4-cb5aea027495","domain":"http://192.168.0.40","code":null,"name":"InternalServerError","statusCode":500,"level":"critical","message":"Knex: run\n$ npm install sqlite3 --save\nCannot find module '@vscode/sqlite3'\nRequire stack:\n- /var/www/ghostblog/versions/4.42.1/node_modules/knex/lib/dialects/sqlite3/index.js\n- /var/www/ghostblog/versions/4.42.1/node_modules/knex/lib/knex-builder/internal/config-resolver.js\n- /var/www/ghostblog/versions/4.42.1/node_modules/knex/lib/knex-builder/Knex.js\n- /var/www/ghostblog/versions/4.42.1/node_modules/knex/lib/index.js\n- /var/www/ghostblog/versions/4.42.1/node_modules/knex/knex.js\n- /var/www/ghostblog/versions/4.42.1/node_modules/knex-migrator/lib/database.js\n- /var/www/ghostblog/versions/4.42.1/node_modules/knex-migrator/lib/index.js\n- /var/www/ghostblog/versions/4.42.1/core/server/data/db/state-manager.js\n- /var/www/ghostblog/versions/4.42.1/core/boot.js\n- /var/www/ghostblog/versions/4.42.1/ghost.js\n- /var/www/ghostblog/versions/4.42.1/index.js","stack":"Error: Knex: run\n$ npm install sqlite3 --save\n$ npm install sqlite3 --save\nCannot find module '@vscode/sqlite3'\nRequire stack:\n- /var/www/ghostblog/versions/4.42.1/node_modules/knex/lib/dialects/sqlite3/index.js\n- /var/www/ghostblog/versions/4.42.1/node_modules/knex/lib/knex-builder/internal/config-resolver.js\n- /var/www/ghostblog/versions/4.42.1/node_modules/knex/lib/knex-builder/Knex.js\n- /var/www/ghostblog/versions/4.42.1/node_modules/knex/lib/index.js\n- /var/www/ghostblog/versions/4.42.1/node_modules/knex/knex.js\n- /var/www/ghostblog/versions/4.42.1/node_modules/knex-migrator/lib/database.js\n- /var/www/ghostblog/versions/4.42.1/node_modules/knex-migrator/lib/index.js\n- /var/www/ghostblog/versions/4.42.1/core/server/data/db/state-manager.js\n- /var/www/ghostblog/versions/4.42.1/core/boot.js\n- /var/www/ghostblog/versions/4.42.1/ghost.js\n- /var/www/ghostblog/versions/4.42.1/index.js\n    at Client_SQLite3.initializeDriver (/var/www/ghostblog/versions/4.42.1/node_modules/knex/lib/client.js:194:13)\n    at new Client (/var/www/ghostblog/versions/4.42.1/node_modules/knex/lib/client.js:75:12)\n    at new Client_SQLite3 (/var/www/ghostblog/versions/4.42.1/node_modules/knex/lib/dialects/sqlite3/index.js:22:5)\n    at knex (/var/www/ghostblog/versions/4.42.1/node_modules/knex/lib/knex-builder/Knex.js:12:28)\n    at Object.connect (/var/www/ghostblog/versions/4.42.1/node_modules/knex-migrator/lib/database.js:36:12)\n    at KnexMigrator.isDatabaseOK (/var/www/ghostblog/versions/4.42.1/node_modules/knex-migrator/lib/index.js:566:32)\n    at DatabaseStateManager.getState (/var/www/ghostblog/versions/4.42.1/core/server/data/db/state-manager.js:40:37)\n    at DatabaseStateManager.makeReady (/var/www/ghostblog/versions/4.42.1/core/server/data/db/state-manager.js:73:36)\n    at initDatabase (/var/www/ghostblog/versions/4.42.1/core/boot.js:69:26)\n    at bootGhost (/var/www/ghostblog/versions/4.42.1/core/boot.js:412:15)","hideStack":false},"msg":"Knex: run\n$ npm install sqlite3 --save\nCannot find module '@vscode/sqlite3'\nRequire stack:\n- /var/www/ghostblog/versions/4.42.1/node_modules/knex/lib/dialects/sqlite3/index.js\n- /var/www/ghostblog/versions/4.42.1/node_modules/knex/lib/knex-builder/internal/config-resolver.js\n- /var/www/ghostblog/versions/4.42.1/node_modules/knex/lib/knex-builder/Knex.js\n- /var/www/ghostblog/versions/4.42.1/node_modules/knex/lib/index.js\n- /var/www/ghostblog/versions/4.42.1/node_modules/knex/knex.js\n- /var/www/ghostblog/versions/4.42.1/node_modules/knex-migrator/lib/database.js\n- /var/www/ghostblog/versions/4.42.1/node_modules/knex-migrator/lib/index.js\n- /var/www/ghostblog/versions/4.42.1/core/server/data/db/state-manager.js\n- /var/www/ghostblog/versions/4.42.1/core/boot.js\n- /var/www/ghostblog/versions/4.42.1/ghost.js\n- /var/www/ghostblog/versions/4.42.1/index.js","time":"2022-04-05T01:34:17.197Z","v":0}
{"name":"Log","hostname":"u20-ghost","pid":80415,"level":40,"msg":"Ghost is shutting down","time":"2022-04-05T01:34:17.198Z","v":0}
{"name":"Log","hostname":"u20-ghost","pid":80415,"level":30,"msg":"Bootstrap client was closed.","time":"2022-04-05T01:34:17.206Z","v":0}
{"name":"Log","hostname":"u20-ghost","pid":80415,"level":40,"msg":"Ghost has shut down","time":"2022-04-05T01:34:17.207Z","v":0}
{"name":"Log","hostname":"u20-ghost","pid":80415,"level":40,"msg":"Your site is now offline","time":"2022-04-05T01:34:17.208Z","v":0}
{"name":"Log","hostname":"u20-ghost","pid":80415,"level":40,"msg":"Ghost was running for a few seconds","time":"2022-04-05T01:34:17.210Z","v":0}
{"name":"Log","hostname":"u20-ghost","pid":80415,"level":30,"msg":"Bootstrap client was closed.","time":"2022-04-05T01:34:17.211Z","v":0}
{"name":"Log","hostname":"u20-ghost","pid":80415,"level":40,"msg":"Ghost is shutting down","time":"2022-04-05T01:34:17.224Z","v":0}
{"name":"Log","hostname":"u20-ghost","pid":80415,"level":40,"msg":"Ghost has shut down","time":"2022-04-05T01:34:17.224Z","v":0}
{"name":"Log","hostname":"u20-ghost","pid":80415,"level":40,"msg":"Your site is now offline","time":"2022-04-05T01:34:17.225Z","v":0}
{"name":"Log","hostname":"u20-ghost","pid":80415,"level":40,"msg":"Ghost was running for a few seconds","time":"2022-04-05T01:34:17.226Z","v":0}
{"name":"Log","hostname":"u20-ghost","pid":80898,"level":30,"msg":"Ghost is running in production...","time":"2022-04-05T01:40:46.330Z","v":0}
{"name":"Log","hostname":"u20-ghost","pid":80898,"level":30,"msg":"Your site is now available on http://192.168.0.40/","time":"2022-04-05T01:40:46.332Z","v":0}
{"name":"Log","hostname":"u20-ghost","pid":80898,"level":30,"msg":"Ctrl+C to shut down","time":"2022-04-05T01:40:46.333Z","v":0}
{"name":"Log","hostname":"u20-ghost","pid":80898,"level":30,"msg":"Ghost server started in 0.952s","time":"2022-04-05T01:40:46.342Z","v":0}
{"name":"Log","hostname":"u20-ghost","pid":80898,"level":50,"err":{"id":"6a090680-b481-11ec-802e-31733a7275c6","domain":"http://192.168.0.40","code":null,"name":"InternalServerError","statusCode":500,"level":"critical","message":"Knex: run\n$ npm install sqlite3 --save\nCannot find module '../../client'\nRequire stack:\n- /var/www/ghostblog/versions/4.42.1/node_modules/@vscode/sqlite3/index.js\n- /var/www/ghostblog/versions/4.42.1/node_modules/knex/lib/dialects/sqlite3/index.js\n- /var/www/ghostblog/versions/4.42.1/node_modules/knex/lib/knex-builder/internal/config-resolver.js\n- /var/www/ghostblog/versions/4.42.1/node_modules/knex/lib/knex-builder/Knex.js\n- /var/www/ghostblog/versions/4.42.1/node_modules/knex/lib/index.js\n- /var/www/ghostblog/versions/4.42.1/node_modules/knex/knex.js\n- /var/www/ghostblog/versions/4.42.1/node_modules/knex-migrator/lib/database.js\n- /var/www/ghostblog/versions/4.42.1/node_modules/knex-migrator/lib/index.js\n- /var/www/ghostblog/versions/4.42.1/core/server/data/db/state-manager.js\n- /var/www/ghostblog/versions/4.42.1/core/boot.js\n- /var/www/ghostblog/versions/4.42.1/ghost.js\n- /var/www/ghostblog/versions/4.42.1/index.js","stack":"Error: Knex: run\n$ npm install sqlite3 --save\n$ npm install sqlite3 --save\nCannot find module '../../client'\nRequire stack:\n- /var/www/ghostblog/versions/4.42.1/node_modules/@vscode/sqlite3/index.js\n- /var/www/ghostblog/versions/4.42.1/node_modules/knex/lib/dialects/sqlite3/index.js\n- /var/www/ghostblog/versions/4.42.1/node_modules/knex/lib/knex-builder/internal/config-resolver.js\n- /var/www/ghostblog/versions/4.42.1/node_modules/knex/lib/knex-builder/Knex.js\n- /var/www/ghostblog/versions/4.42.1/node_modules/knex/lib/index.js\n- /var/www/ghostblog/versions/4.42.1/node_modules/knex/knex.js\n- /var/www/ghostblog/versions/4.42.1/node_modules/knex-migrator/lib/database.js\n- /var/www/ghostblog/versions/4.42.1/node_modules/knex-migrator/lib/index.js\n- /var/www/ghostblog/versions/4.42.1/core/server/data/db/state-manager.js\n- /var/www/ghostblog/versions/4.42.1/core/boot.js\n- /var/www/ghostblog/versions/4.42.1/ghost.js\n- /var/www/ghostblog/versions/4.42.1/index.js\n    at Client_SQLite3.initializeDriver (/var/www/ghostblog/versions/4.42.1/node_modules/knex/lib/client.js:194:13)\n    at new Client (/var/www/ghostblog/versions/4.42.1/node_modules/knex/lib/client.js:75:12)\n    at new Client_SQLite3 (/var/www/ghostblog/versions/4.42.1/node_modules/knex/lib/dialects/sqlite3/index.js:22:5)\n    at knex (/var/www/ghostblog/versions/4.42.1/node_modules/knex/lib/knex-builder/Knex.js:12:28)\n    at Object.connect (/var/www/ghostblog/versions/4.42.1/node_modules/knex-migrator/lib/database.js:36:12)\n    at KnexMigrator.isDatabaseOK (/var/www/ghostblog/versions/4.42.1/node_modules/knex-migrator/lib/index.js:566:32)\n    at DatabaseStateManager.getState (/var/www/ghostblog/versions/4.42.1/core/server/data/db/state-manager.js:40:37)\n    at DatabaseStateManager.makeReady (/var/www/ghostblog/versions/4.42.1/core/server/data/db/state-manager.js:73:36)\n    at initDatabase (/var/www/ghostblog/versions/4.42.1/core/boot.js:69:26)\n    at bootGhost (/var/www/ghostblog/versions/4.42.1/core/boot.js:412:15)","hideStack":false},"msg":"Knex: run\n$ npm install sqlite3 --save\nCannot find module '../../client'\nRequire stack:\n- /var/www/ghostblog/versions/4.42.1/node_modules/@vscode/sqlite3/index.js\n- /var/www/ghostblog/versions/4.42.1/node_modules/knex/lib/dialects/sqlite3/index.js\n- /var/www/ghostblog/versions/4.42.1/node_modules/knex/lib/knex-builder/internal/config-resolver.js\n- /var/www/ghostblog/versions/4.42.1/node_modules/knex/lib/knex-builder/Knex.js\n- /var/www/ghostblog/versions/4.42.1/node_modules/knex/lib/index.js\n- /var/www/ghostblog/versions/4.42.1/node_modules/knex/knex.js\n- /var/www/ghostblog/versions/4.42.1/node_modules/knex-migrator/lib/database.js\n- /var/www/ghostblog/versions/4.42.1/node_modules/knex-migrator/lib/index.js\n- /var/www/ghostblog/versions/4.42.1/core/server/data/db/state-manager.js\n- /var/www/ghostblog/versions/4.42.1/core/boot.js\n- /var/www/ghostblog/versions/4.42.1/ghost.js\n- /var/www/ghostblog/versions/4.42.1/index.js","time":"2022-04-05T01:40:46.443Z","v":0}
{"name":"Log","hostname":"u20-ghost","pid":80898,"level":40,"msg":"Ghost is shutting down","time":"2022-04-05T01:40:46.444Z","v":0}
{"name":"Log","hostname":"u20-ghost","pid":80898,"level":30,"msg":"Bootstrap client was closed.","time":"2022-04-05T01:40:46.449Z","v":0}
{"name":"Log","hostname":"u20-ghost","pid":80898,"level":40,"msg":"Ghost has shut down","time":"2022-04-05T01:40:46.450Z","v":0}
{"name":"Log","hostname":"u20-ghost","pid":80898,"level":40,"msg":"Your site is now offline","time":"2022-04-05T01:40:46.451Z","v":0}
{"name":"Log","hostname":"u20-ghost","pid":80898,"level":40,"msg":"Ghost was running for a few seconds","time":"2022-04-05T01:40:46.453Z","v":0}
{"name":"Log","hostname":"u20-ghost","pid":80898,"level":30,"msg":"Bootstrap client was closed.","time":"2022-04-05T01:40:46.454Z","v":0}
{"name":"Log","hostname":"u20-ghost","pid":80898,"level":40,"msg":"Ghost is shutting down","time":"2022-04-05T01:40:46.469Z","v":0}
{"name":"Log","hostname":"u20-ghost","pid":80898,"level":40,"msg":"Ghost has shut down","time":"2022-04-05T01:40:46.470Z","v":0}
{"name":"Log","hostname":"u20-ghost","pid":80898,"level":40,"msg":"Your site is now offline","time":"2022-04-05T01:40:46.470Z","v":0}
{"name":"Log","hostname":"u20-ghost","pid":80898,"level":40,"msg":"Ghost was running for a few seconds","time":"2022-04-05T01:40:46.471Z","v":0}
{"name":"Log","hostname":"u20-ghost","pid":80898,"level":40,"msg":"Ghost is shutting down","time":"2022-04-05T01:40:46.471Z","v":0}
{"name":"Log","hostname":"u20-ghost","pid":80898,"level":40,"msg":"Ghost has shut down","time":"2022-04-05T01:40:46.472Z","v":0}
{"name":"Log","hostname":"u20-ghost","pid":80898,"level":40,"msg":"Your site is now offline","time":"2022-04-05T01:40:46.472Z","v":0}
{"name":"Log","hostname":"u20-ghost","pid":80898,"level":40,"msg":"Ghost was running for a few seconds","time":"2022-04-05T01:40:46.473Z","v":0}
{"name":"Log","hostname":"u20-ghost","pid":82837,"level":30,"msg":"Ghost is running in production...","time":"2022-04-05T01:47:33.728Z","v":0}
{"name":"Log","hostname":"u20-ghost","pid":82837,"level":30,"msg":"Your site is now available on http://192.168.0.40/","time":"2022-04-05T01:47:33.730Z","v":0}
{"name":"Log","hostname":"u20-ghost","pid":82837,"level":30,"msg":"Ctrl+C to shut down","time":"2022-04-05T01:47:33.731Z","v":0}
{"name":"Log","hostname":"u20-ghost","pid":82837,"level":30,"msg":"Ghost server started in 0.906s","time":"2022-04-05T01:47:33.741Z","v":0}
{"name":"Log","hostname":"u20-ghost","pid":82837,"level":30,"msg":"Bootstrap client was closed.","time":"2022-04-05T01:47:33.899Z","v":0}
{"name":"Log","hostname":"u20-ghost","pid":82837,"level":40,"msg":"Database state requires initialisation.","time":"2022-04-05T01:47:33.948Z","v":0}
{"name":"Log","hostname":"u20-ghost","pid":82837,"level":30,"msg":"Creating table: posts","time":"2022-04-05T01:47:34.377Z","v":0}
{"name":"Log","hostname":"u20-ghost","pid":82837,"level":30,"msg":"Creating table: posts_meta","time":"2022-04-05T01:47:34.394Z","v":0}
{"name":"Log","hostname":"u20-ghost","pid":82837,"level":30,"msg":"Creating table: users","time":"2022-04-05T01:47:34.407Z","v":0}
{"name":"Log","hostname":"u20-ghost","pid":82837,"level":30,"msg":"Creating table: oauth","time":"2022-04-05T01:47:34.422Z","v":0}
{"name":"Log","hostname":"u20-ghost","pid":82837,"level":30,"msg":"Creating table: posts_authors","time":"2022-04-05T01:47:34.428Z","v":0}
{"name":"Log","hostname":"u20-ghost","pid":82837,"level":30,"msg":"Creating table: roles","time":"2022-04-05T01:47:34.436Z","v":0}
{"name":"Log","hostname":"u20-ghost","pid":82837,"level":30,"msg":"Creating table: roles_users","time":"2022-04-05T01:47:34.446Z","v":0}
{"name":"Log","hostname":"u20-ghost","pid":82837,"level":30,"msg":"Creating table: permissions","time":"2022-04-05T01:47:34.452Z","v":0}
{"name":"Log","hostname":"u20-ghost","pid":82837,"level":30,"msg":"Creating table: permissions_users","time":"2022-04-05T01:47:34.462Z","v":0}
{"name":"Log","hostname":"u20-ghost","pid":82837,"level":30,"msg":"Creating table: permissions_roles","time":"2022-04-05T01:47:34.468Z","v":0}
{"name":"Log","hostname":"u20-ghost","pid":82837,"level":30,"msg":"Creating table: settings","time":"2022-04-05T01:47:34.474Z","v":0}
{"name":"Log","hostname":"u20-ghost","pid":82837,"level":30,"msg":"Creating table: tags","time":"2022-04-05T01:47:34.485Z","v":0}
{"name":"Log","hostname":"u20-ghost","pid":82837,"level":30,"msg":"Creating table: posts_tags","time":"2022-04-05T01:47:34.496Z","v":0}
{"name":"Log","hostname":"u20-ghost","pid":82837,"level":30,"msg":"Creating table: invites","time":"2022-04-05T01:47:34.502Z","v":0}
{"name":"Log","hostname":"u20-ghost","pid":82837,"level":30,"msg":"Creating table: brute","time":"2022-04-05T01:47:34.532Z","v":0}
{"name":"Log","hostname":"u20-ghost","pid":82837,"level":30,"msg":"Creating table: sessions","time":"2022-04-05T01:47:34.538Z","v":0}
{"name":"Log","hostname":"u20-ghost","pid":82837,"level":30,"msg":"Creating table: integrations","time":"2022-04-05T01:47:34.546Z","v":0}
{"name":"Log","hostname":"u20-ghost","pid":82837,"level":30,"msg":"Creating table: webhooks","time":"2022-04-05T01:47:34.555Z","v":0}
{"name":"Log","hostname":"u20-ghost","pid":82837,"level":30,"msg":"Creating table: api_keys","time":"2022-04-05T01:47:34.562Z","v":0}
{"name":"Log","hostname":"u20-ghost","pid":82837,"level":30,"msg":"Creating table: mobiledoc_revisions","time":"2022-04-05T01:47:34.571Z","v":0}
{"name":"Log","hostname":"u20-ghost","pid":82837,"level":30,"msg":"Creating table: members","time":"2022-04-05T01:47:34.579Z","v":0}
{"name":"Log","hostname":"u20-ghost","pid":82837,"level":30,"msg":"Creating table: products","time":"2022-04-05T01:47:34.597Z","v":0}
{"name":"Log","hostname":"u20-ghost","pid":82837,"level":30,"msg":"Creating table: offers","time":"2022-04-05T01:47:34.605Z","v":0}
{"name":"Log","hostname":"u20-ghost","pid":82837,"level":30,"msg":"Creating table: benefits","time":"2022-04-05T01:47:34.620Z","v":0}
{"name":"Log","hostname":"u20-ghost","pid":82837,"level":30,"msg":"Creating table: products_benefits","time":"2022-04-05T01:47:34.628Z","v":0}
{"name":"Log","hostname":"u20-ghost","pid":82837,"level":30,"msg":"Creating table: members_products","time":"2022-04-05T01:47:34.633Z","v":0}
{"name":"Log","hostname":"u20-ghost","pid":82837,"level":30,"msg":"Creating table: posts_products","time":"2022-04-05T01:47:34.639Z","v":0}
{"name":"Log","hostname":"u20-ghost","pid":82837,"level":30,"msg":"Creating table: members_cancel_events","time":"2022-04-05T01:47:34.645Z","v":0}
{"name":"Log","hostname":"u20-ghost","pid":82837,"level":30,"msg":"Creating table: members_payment_events","time":"2022-04-05T01:47:34.649Z","v":0}
{"name":"Log","hostname":"u20-ghost","pid":82837,"level":30,"msg":"Creating table: members_login_events","time":"2022-04-05T01:47:34.654Z","v":0}
{"name":"Log","hostname":"u20-ghost","pid":82837,"level":30,"msg":"Creating table: members_email_change_events","time":"2022-04-05T01:47:34.660Z","v":0}
{"name":"Log","hostname":"u20-ghost","pid":82837,"level":30,"msg":"Creating table: members_status_events","time":"2022-04-05T01:47:34.665Z","v":0}
{"name":"Log","hostname":"u20-ghost","pid":82837,"level":30,"msg":"Creating table: members_product_events","time":"2022-04-05T01:47:34.670Z","v":0}
{"name":"Log","hostname":"u20-ghost","pid":82837,"level":30,"msg":"Creating table: members_paid_subscription_events","time":"2022-04-05T01:47:34.676Z","v":0}
{"name":"Log","hostname":"u20-ghost","pid":82837,"level":30,"msg":"Creating table: labels","time":"2022-04-05T01:47:34.682Z","v":0}
{"name":"Log","hostname":"u20-ghost","pid":82837,"level":30,"msg":"Creating table: members_labels","time":"2022-04-05T01:47:34.692Z","v":0}
{"name":"Log","hostname":"u20-ghost","pid":82837,"level":30,"msg":"Creating table: members_stripe_customers","time":"2022-04-05T01:47:34.697Z","v":0}
{"name":"Log","hostname":"u20-ghost","pid":82837,"level":30,"msg":"Creating table: members_stripe_customers_subscriptions","time":"2022-04-05T01:47:34.706Z","v":0}
{"name":"Log","hostname":"u20-ghost","pid":82837,"level":30,"msg":"Creating table: offer_redemptions","time":"2022-04-05T01:47:34.718Z","v":0}
{"name":"Log","hostname":"u20-ghost","pid":82837,"level":30,"msg":"Creating table: members_subscribe_events","time":"2022-04-05T01:47:34.725Z","v":0}
{"name":"Log","hostname":"u20-ghost","pid":82837,"level":30,"msg":"Creating table: stripe_products","time":"2022-04-05T01:47:34.730Z","v":0}
{"name":"Log","hostname":"u20-ghost","pid":82837,"level":30,"msg":"Creating table: stripe_prices","time":"2022-04-05T01:47:34.738Z","v":0}
{"name":"Log","hostname":"u20-ghost","pid":82837,"level":30,"msg":"Creating table: actions","time":"2022-04-05T01:47:34.746Z","v":0}
{"name":"Log","hostname":"u20-ghost","pid":82837,"level":30,"msg":"Creating table: emails","time":"2022-04-05T01:47:34.752Z","v":0}
{"name":"Log","hostname":"u20-ghost","pid":82837,"level":30,"msg":"Creating table: email_batches","time":"2022-04-05T01:47:34.764Z","v":0}
{"name":"Log","hostname":"u20-ghost","pid":82837,"level":30,"msg":"Creating table: email_recipients","time":"2022-04-05T01:47:34.770Z","v":0}
{"name":"Log","hostname":"u20-ghost","pid":82837,"level":30,"msg":"Creating table: tokens","time":"2022-04-05T01:47:34.789Z","v":0}
{"name":"Log","hostname":"u20-ghost","pid":82837,"level":30,"msg":"Creating table: snippets","time":"2022-04-05T01:47:34.796Z","v":0}
{"name":"Log","hostname":"u20-ghost","pid":82837,"level":30,"msg":"Creating table: temp_member_analytic_events","time":"2022-04-05T01:47:34.804Z","v":0}
{"name":"Log","hostname":"u20-ghost","pid":82837,"level":30,"msg":"Creating table: custom_theme_settings","time":"2022-04-05T01:47:34.815Z","v":0}
{"name":"Log","hostname":"u20-ghost","pid":82837,"level":30,"msg":"Creating table: newsletters","time":"2022-04-05T01:47:34.820Z","v":0}
{"name":"Log","hostname":"u20-ghost","pid":82837,"level":30,"msg":"Model: Product","time":"2022-04-05T01:47:34.834Z","v":0}
{"name":"Log","hostname":"u20-ghost","pid":82837,"level":30,"msg":"Model: Tag","time":"2022-04-05T01:47:34.920Z","v":0}
{"name":"Log","hostname":"u20-ghost","pid":82837,"level":30,"msg":"Model: Role","time":"2022-04-05T01:47:34.952Z","v":0}
{"name":"Log","hostname":"u20-ghost","pid":82837,"level":30,"msg":"Model: Permission","time":"2022-04-05T01:47:35.036Z","v":0}
{"name":"Log","hostname":"u20-ghost","pid":82837,"level":30,"msg":"Model: User","time":"2022-04-05T01:47:35.781Z","v":0}
{"name":"Log","hostname":"u20-ghost","pid":82837,"level":30,"msg":"Model: Post","time":"2022-04-05T01:47:36.167Z","v":0}
{"name":"Log","hostname":"u20-ghost","pid":82837,"level":30,"msg":"Model: Integration","time":"2022-04-05T01:47:36.519Z","v":0}
{"name":"Log","hostname":"u20-ghost","pid":82837,"level":30,"msg":"Relation: Role to Permission","time":"2022-04-05T01:47:36.555Z","v":0}
{"name":"Log","hostname":"u20-ghost","pid":82837,"level":30,"msg":"Relation: Post to Tag","time":"2022-04-05T01:47:36.845Z","v":0}
{"name":"Log","hostname":"u20-ghost","pid":82837,"level":30,"msg":"Relation: User to Role","time":"2022-04-05T01:47:36.859Z","v":0}
{"name":"Log","hostname":"u20-ghost","pid":82837,"level":30,"msg":"Database is in a ready state.","time":"2022-04-05T01:47:36.933Z","v":0}
{"name":"Log","hostname":"u20-ghost","pid":82837,"level":30,"msg":"Ghost database ready in 4.1s","time":"2022-04-05T01:47:36.934Z","v":0}
{"name":"Log","hostname":"u20-ghost","pid":82837,"level":30,"msg":"Stripe not configured - skipping migrations","time":"2022-04-05T01:47:39.013Z","v":0}
{"name":"Log","hostname":"u20-ghost","pid":82837,"level":30,"msg":"Ghost booted in 6.25s","time":"2022-04-05T01:47:39.084Z","v":0}
{"name":"Log","hostname":"u20-ghost","pid":82837,"level":30,"msg":"Bootstrap client was closed.","time":"2022-04-05T01:47:39.090Z","v":0}
{"name":"Log","hostname":"u20-ghost","pid":82837,"level":30,"msg":"Adding offloaded job to the queue","time":"2022-04-05T01:47:39.093Z","v":0}
{"name":"Log","hostname":"u20-ghost","pid":82837,"level":30,"msg":"Scheduling job update-check at 50 39 8 * * *. Next run on: Tue Apr 05 2022 08:39:50 GMT+0000 (Coordinated Universal Time)","time":"2022-04-05T01:47:39.111Z","v":0}
{"name":"Log","hostname":"u20-ghost","pid":82837,"level":30,"msg":"Ghost URL Service Ready in 6.404s","time":"2022-04-05T01:47:39.238Z","v":0}
{"name":"Log","hostname":"u20-ghost","pid":82837,"level":40,"msg":"Ghost is shutting down","time":"2022-04-05T01:50:13.678Z","v":0}
{"name":"Log","hostname":"u20-ghost","pid":82837,"level":40,"msg":"Ghost is shutting down","time":"2022-04-05T01:50:13.679Z","v":0}
{"name":"Log","hostname":"u20-ghost","pid":82837,"level":40,"msg":"Ghost has shut down","time":"2022-04-05T01:50:13.682Z","v":0}
{"name":"Log","hostname":"u20-ghost","pid":82837,"level":40,"msg":"Your site is now offline","time":"2022-04-05T01:50:13.683Z","v":0}
{"name":"Log","hostname":"u20-ghost","pid":82837,"level":40,"msg":"Ghost was running for 3 minutes","time":"2022-04-05T01:50:13.684Z","v":0}
{"name":"Log","hostname":"u20-ghost","pid":82837,"level":40,"msg":"Ghost has shut down","time":"2022-04-05T01:50:13.684Z","v":0}
{"name":"Log","hostname":"u20-ghost","pid":82837,"level":40,"msg":"Your site is now offline","time":"2022-04-05T01:50:13.685Z","v":0}
{"name":"Log","hostname":"u20-ghost","pid":82837,"level":40,"msg":"Ghost was running for 3 minutes","time":"2022-04-05T01:50:13.685Z","v":0}
{"name":"Log","hostname":"u20-ghost","pid":83422,"level":50,"err":{"id":"bdc81f80-b482-11ec-bdd4-4345b8927b15","domain":"http://192.168.0.40","code":null,"name":"InternalServerError","statusCode":500,"level":"critical","message":"(Code: -13)","context":"\"There was an error starting your server.\"","help":"\"Please use the error code above to search for a solution.\"","stack":"InternalServerError: (Code: -13)\n    at Server.<anonymous> (/var/www/ghostblog/versions/4.42.1/core/server/ghost-server.js:116:34)\n    at Server.emit (node:events:526:28)\n    at emitErrorNT (node:net:1357:8)\n    at processTicksAndRejections (node:internal/process/task_queues:83:21)","hideStack":false},"msg":"(Code: -13)","time":"2022-04-05T01:50:16.488Z","v":0}
{"name":"Log","hostname":"u20-ghost","pid":83422,"level":40,"msg":"Ghost is shutting down","time":"2022-04-05T01:50:16.494Z","v":0}
{"name":"Log","hostname":"u20-ghost","pid":83422,"level":40,"msg":"Ghost has shut down","time":"2022-04-05T01:50:16.501Z","v":0}
{"name":"Log","hostname":"u20-ghost","pid":83422,"level":40,"msg":"Your site is now offline","time":"2022-04-05T01:50:16.503Z","v":0}
{"name":"Log","hostname":"u20-ghost","pid":83422,"level":40,"msg":"Ghost was running for a few seconds","time":"2022-04-05T01:50:16.508Z","v":0}
{"name":"Log","hostname":"u20-ghost","pid":83422,"level":30,"msg":"Bootstrap client was closed.","time":"2022-04-05T01:50:16.513Z","v":0}
{"name":"Log","hostname":"u20-ghost","pid":83422,"level":30,"msg":"Bootstrap client was closed.","time":"2022-04-05T01:50:16.515Z","v":0}
{"name":"Log","hostname":"u20-ghost","pid":83422,"level":40,"msg":"Ghost is shutting down","time":"2022-04-05T01:50:16.558Z","v":0}
{"name":"Log","hostname":"u20-ghost","pid":83422,"level":40,"msg":"Ghost has shut down","time":"2022-04-05T01:50:16.560Z","v":0}
{"name":"Log","hostname":"u20-ghost","pid":83422,"level":40,"msg":"Your site is now offline","time":"2022-04-05T01:50:16.562Z","v":0}
{"name":"Log","hostname":"u20-ghost","pid":83422,"level":40,"msg":"Ghost was running for a few seconds","time":"2022-04-05T01:50:16.564Z","v":0}
{"name":"Log","hostname":"u20-ghost","pid":83422,"level":40,"msg":"Ghost is shutting down","time":"2022-04-05T01:50:16.565Z","v":0}
{"name":"Log","hostname":"u20-ghost","pid":83422,"level":40,"msg":"Ghost has shut down","time":"2022-04-05T01:50:16.567Z","v":0}
{"name":"Log","hostname":"u20-ghost","pid":83422,"level":40,"msg":"Your site is now offline","time":"2022-04-05T01:50:16.569Z","v":0}
{"name":"Log","hostname":"u20-ghost","pid":83422,"level":40,"msg":"Ghost was running for a few seconds","time":"2022-04-05T01:50:16.570Z","v":0}
